<?xml version="1.0" encoding="UTF-8"?>
<!-- Generated by org.testng.reporters.JUnitReportReporter -->
<testsuite ignored="0" hostname="DESKTOP-SGDBGV8" failures="0" tests="1" name="prueba.NewTest" time="26.179" errors="0" timestamp="12 ago. 2023 15:36:44 GMT" skipped="0">
  <testcase classname="prueba.NewTest" name="tc01" time="26.179"/>
</testsuite> <!-- prueba.NewTest -->
